build-and-push-image	Build and push Docker image	2025-11-21T21:49:00.4345464Z #16 4.205 error Your lockfile needs to be updated, but yarn was run with `--frozen-lockfile`.
build-and-push-image	Build and push Docker image	2025-11-21T21:49:00.5123839Z #16 ERROR: process "/bin/sh -c yarn install --frozen-lockfile" did not complete successfully: exit code: 1
build-and-push-image	Build and push Docker image	2025-11-21T21:49:00.5133307Z 4.205 error Your lockfile needs to be updated, but yarn was run with `--frozen-lockfile`.
build-and-push-image	Build and push Docker image	2025-11-21T21:49:00.5136395Z ERROR: failed to build: failed to solve: process "/bin/sh -c yarn install --frozen-lockfile" did not complete successfully: exit code: 1
build-and-push-image	Build and push Docker image	2025-11-21T21:49:00.5242440Z ##[error]buildx failed with: ERROR: failed to build: failed to solve: process "/bin/sh -c yarn install --frozen-lockfile" did not complete successfully: exit code: 1
build-and-push-image	Build and push Docker image	2025-11-21T21:48:41.7597813Z #10 sha256:a1208d53eb0667932469017a5ef3960e5ed2aea9143d62b983abe2f8593eeb9a 57.67MB / 211.46MB 2.6s
build-and-push-image	Build and push Docker image	2025-11-21T21:48:41.7599240Z #10 sha256:e27474c829da3b3769f88cd18e1915839bce5fa0e8b926452f27de2871814c2f 15.73MB / 48.41MB 2.6s
build-and-push-image	Build and push Docker image	2025-11-21T21:48:41.7600201Z #10 sha256:edd83bf9d99ce4f8375fea4ce57c5651fba68ef1239159109ccde7f9f0aea61c 1.25MB / 1.25MB 2.5s done
build-and-push-image	Build and push Docker image	2025-11-21T21:48:41.7601227Z #10 sha256:74890c3b106c2e9cf6132856e61c2377258978c5de3e8bb52af695bb1e43d119 448B / 448B 2.5s done
build-and-push-image	Build and push Docker image	2025-11-21T21:48:41.8604892Z #10 sha256:e27474c829da3b3769f88cd18e1915839bce5fa0e8b926452f27de2871814c2f 18.87MB / 48.41MB 2.7s
build-and-push-image	Build and push Docker image	2025-11-21T21:48:42.0781679Z #10 sha256:e27474c829da3b3769f88cd18e1915839bce5fa0e8b926452f27de2871814c2f 25.17MB / 48.41MB 2.9s
build-and-push-image	Build and push Docker image	2025-11-21T21:48:42.1845042Z #10 sha256:e27474c829da3b3769f88cd18e1915839bce5fa0e8b926452f27de2871814c2f 29.36MB / 48.41MB 3.0s
build-and-push-image	Build and push Docker image	2025-11-21T21:48:42.2899886Z #10 sha256:a1208d53eb0667932469017a5ef3960e5ed2aea9143d62b983abe2f8593eeb9a 71.30MB / 211.46MB 3.1s
build-and-push-image	Build and push Docker image	2025-11-21T21:48:42.3964964Z #10 sha256:e27474c829da3b3769f88cd18e1915839bce5fa0e8b926452f27de2871814c2f 32.51MB / 48.41MB 3.2s
build-and-push-image	Build and push Docker image	2025-11-21T21:48:42.6597146Z #10 sha256:e27474c829da3b3769f88cd18e1915839bce5fa0e8b926452f27de2871814c2f 39.85MB / 48.41MB 3.5s
build-and-push-image	Build and push Docker image	2025-11-21T21:48:42.8597097Z #10 sha256:a1208d53eb0667932469017a5ef3960e5ed2aea9143d62b983abe2f8593eeb9a 82.84MB / 211.46MB 3.7s
build-and-push-image	Build and push Docker image	2025-11-21T21:48:42.8598500Z #10 sha256:e27474c829da3b3769f88cd18e1915839bce5fa0e8b926452f27de2871814c2f 42.99MB / 48.41MB 3.7s
build-and-push-image	Build and push Docker image	2025-11-21T21:48:42.9599932Z #10 sha256:e27474c829da3b3769f88cd18e1915839bce5fa0e8b926452f27de2871814c2f 46.14MB / 48.41MB 3.8s
build-and-push-image	Build and push Docker image	2025-11-21T21:48:43.0601557Z #10 extracting sha256:708274aafe49b02dddc66f97a5c45bb0b8fcf481ce6b43785b11f287fd4e4e1b 1.8s done
build-and-push-image	Build and push Docker image	2025-11-21T21:48:43.0602757Z #10 sha256:e27474c829da3b3769f88cd18e1915839bce5fa0e8b926452f27de2871814c2f 48.41MB / 48.41MB 3.9s done
build-and-push-image	Build and push Docker image	2025-11-21T21:48:43.1611661Z #10 sha256:a1208d53eb0667932469017a5ef3960e5ed2aea9143d62b983abe2f8593eeb9a 96.47MB / 211.46MB 4.0s
build-and-push-image	Build and push Docker image	2025-11-21T21:48:43.1612800Z #10 extracting sha256:8cdff261ed5cee6fd4e729e68c2831a0abc6c7c017569ab45dfd2240bcc3712d
build-and-push-image	Build and push Docker image	2025-11-21T21:48:43.6146723Z #10 sha256:a1208d53eb0667932469017a5ef3960e5ed2aea9143d62b983abe2f8593eeb9a 109.05MB / 211.46MB 4.4s
build-and-push-image	Build and push Docker image	2025-11-21T21:48:43.8595822Z #10 extracting sha256:8cdff261ed5cee6fd4e729e68c2831a0abc6c7c017569ab45dfd2240bcc3712d 0.7s done
build-and-push-image	Build and push Docker image	2025-11-21T21:48:43.9596496Z #10 sha256:a1208d53eb0667932469017a5ef3960e5ed2aea9143d62b983abe2f8593eeb9a 120.59MB / 211.46MB 4.8s
build-and-push-image	Build and push Docker image	2025-11-21T21:48:44.6626359Z #10 sha256:a1208d53eb0667932469017a5ef3960e5ed2aea9143d62b983abe2f8593eeb9a 138.41MB / 211.46MB 5.5s
build-and-push-image	Build and push Docker image	2025-11-21T21:48:44.8139573Z #10 extracting sha256:078b2eece9b24f617524f986db4dd04f977e3e7d6fe15a9088a584147bc6ba05
build-and-push-image	Build and push Docker image	2025-11-21T21:48:45.1535019Z #10 sha256:a1208d53eb0667932469017a5ef3960e5ed2aea9143d62b983abe2f8593eeb9a 152.04MB / 211.46MB 5.9s
build-and-push-image	Build and push Docker image	2025-11-21T21:48:45.8349658Z #10 sha256:a1208d53eb0667932469017a5ef3960e5ed2aea9143d62b983abe2f8593eeb9a 164.63MB / 211.46MB 6.6s
build-and-push-image	Build and push Docker image	2025-11-21T21:48:46.1595001Z #10 sha256:a1208d53eb0667932469017a5ef3960e5ed2aea9143d62b983abe2f8593eeb9a 176.16MB / 211.46MB 7.0s
build-and-push-image	Build and push Docker image	2025-11-21T21:48:46.4594967Z #10 sha256:a1208d53eb0667932469017a5ef3960e5ed2aea9143d62b983abe2f8593eeb9a 187.70MB / 211.46MB 7.3s
build-and-push-image	Build and push Docker image	2025-11-21T21:48:46.8270538Z #10 ...
build-and-push-image	Build and push Docker image	2025-11-21T21:48:46.8270827Z 
build-and-push-image	Build and push Docker image	2025-11-21T21:48:46.8271466Z #11 [runner 1/7] FROM docker.io/library/node:20-slim@sha256:9e70124bd00f47dd023e349cd587132ae61892acc0e47ed641416c3e18f401c3
build-and-push-image	Build and push Docker image	2025-11-21T21:48:46.8272762Z #11 resolve docker.io/library/node:20-slim@sha256:9e70124bd00f47dd023e349cd587132ae61892acc0e47ed641416c3e18f401c3 done
build-and-push-image	Build and push Docker image	2025-11-21T21:48:46.8274297Z #11 sha256:9e70124bd00f47dd023e349cd587132ae61892acc0e47ed641416c3e18f401c3 6.49kB / 6.49kB done
build-and-push-image	Build and push Docker image	2025-11-21T21:48:46.8275213Z #11 sha256:d08621e478133b0492bd661ceee5d13a22b8c55297f3dbbb57f1c15d0c214942 1.93kB / 1.93kB done
build-and-push-image	Build and push Docker image	2025-11-21T21:48:46.8275824Z #11 sha256:1fd0de62890fc2aa5a0a77f6554f1e88a5106d699cbb76aba5e49213f202935b 6.88kB / 6.88kB done
build-and-push-image	Build and push Docker image	2025-11-21T21:48:46.8276749Z #11 sha256:8e44f01296e3a6fdc31a671bee1c2259c5d5ee8b49f29aec42b5d2af15600296 28.23MB / 28.23MB 3.6s done
build-and-push-image	Build and push Docker image	2025-11-21T21:48:46.8277705Z #11 sha256:77eb6456a5555288c8c6e1aca9b3f6f1b7cf6b913009649e631c6d4134119561 3.31kB / 3.31kB 3.6s done
build-and-push-image	Build and push Docker image	2025-11-21T21:48:46.8278404Z #11 extracting sha256:8e44f01296e3a6fdc31a671bee1c2259c5d5ee8b49f29aec42b5d2af15600296 1.3s done
build-and-push-image	Build and push Docker image	2025-11-21T21:48:46.8279021Z #11 sha256:e3e3f691659c2173b66f66f5ecad6e0186f2638e15ecad4a73171e0f70838de5 40.98MB / 40.98MB 5.5s done
build-and-push-image	Build and push Docker image	2025-11-21T21:48:46.8279991Z #11 sha256:031e7c3606ae6509cf726973a0d2f762b7f821b5426849318678222d85ab228f 1.71MB / 1.71MB 4.0s done
build-and-push-image	Build and push Docker image	2025-11-21T21:48:46.8280643Z #11 sha256:e6eecfc55be5f19d3b0967bb0ae0f53d17786b6a6ca7355d1ca3e9b97f77ca21 447B / 447B 4.1s done
build-and-push-image	Build and push Docker image	2025-11-21T21:48:46.8281453Z #11 extracting sha256:77eb6456a5555288c8c6e1aca9b3f6f1b7cf6b913009649e631c6d4134119561 done
build-and-push-image	Build and push Docker image	2025-11-21T21:48:46.8282151Z #11 extracting sha256:e3e3f691659c2173b66f66f5ecad6e0186f2638e15ecad4a73171e0f70838de5 1.3s done
build-and-push-image	Build and push Docker image	2025-11-21T21:48:46.8282860Z #11 extracting sha256:031e7c3606ae6509cf726973a0d2f762b7f821b5426849318678222d85ab228f 0.0s done
build-and-push-image	Build and push Docker image	2025-11-21T21:48:46.8283665Z #11 extracting sha256:e6eecfc55be5f19d3b0967bb0ae0f53d17786b6a6ca7355d1ca3e9b97f77ca21 done
build-and-push-image	Build and push Docker image	2025-11-21T21:48:46.8284258Z #11 DONE 7.6s
build-and-push-image	Build and push Docker image	2025-11-21T21:48:46.8284424Z 
build-and-push-image	Build and push Docker image	2025-11-21T21:48:46.8284550Z #12 [runner 2/7] WORKDIR /app
build-and-push-image	Build and push Docker image	2025-11-21T21:48:46.8284868Z #12 DONE 0.0s
build-and-push-image	Build and push Docker image	2025-11-21T21:48:46.8285021Z 
build-and-push-image	Build and push Docker image	2025-11-21T21:48:46.8285557Z #10 [builder 1/7] FROM docker.io/library/node:20@sha256:ba36e9b2705008e63e354214f0e3011c528af9df2ca13ac2bd2c0114650302e6
build-and-push-image	Build and push Docker image	2025-11-21T21:48:47.1595241Z #10 sha256:a1208d53eb0667932469017a5ef3960e5ed2aea9143d62b983abe2f8593eeb9a 200.28MB / 211.46MB 8.0s
build-and-push-image	Build and push Docker image	2025-11-21T21:48:47.3599756Z #10 extracting sha256:078b2eece9b24f617524f986db4dd04f977e3e7d6fe15a9088a584147bc6ba05 2.6s done
build-and-push-image	Build and push Docker image	2025-11-21T21:48:47.7367117Z #10 extracting sha256:a1208d53eb0667932469017a5ef3960e5ed2aea9143d62b983abe2f8593eeb9a
build-and-push-image	Build and push Docker image	2025-11-21T21:48:47.8414756Z #10 sha256:a1208d53eb0667932469017a5ef3960e5ed2aea9143d62b983abe2f8593eeb9a 211.46MB / 211.46MB 8.5s done
build-and-push-image	Build and push Docker image	2025-11-21T21:48:52.7381332Z #10 extracting sha256:a1208d53eb0667932469017a5ef3960e5ed2aea9143d62b983abe2f8593eeb9a 5.0s
build-and-push-image	Build and push Docker image	2025-11-21T21:48:52.8658087Z #10 extracting sha256:a1208d53eb0667932469017a5ef3960e5ed2aea9143d62b983abe2f8593eeb9a 5.1s done
build-and-push-image	Build and push Docker image	2025-11-21T21:48:54.1488704Z #10 extracting sha256:e22be0bb0a025655d5cac399eafcec199d05f27c7fcb0c407e2dd98304be9c06
build-and-push-image	Build and push Docker image	2025-11-21T21:48:54.2775645Z #10 extracting sha256:e22be0bb0a025655d5cac399eafcec199d05f27c7fcb0c407e2dd98304be9c06 done
build-and-push-image	Build and push Docker image	2025-11-21T21:48:54.2777937Z #10 extracting sha256:e27474c829da3b3769f88cd18e1915839bce5fa0e8b926452f27de2871814c2f 0.1s
build-and-push-image	Build and push Docker image	2025-11-21T21:48:56.0302160Z #10 extracting sha256:e27474c829da3b3769f88cd18e1915839bce5fa0e8b926452f27de2871814c2f 1.7s done
build-and-push-image	Build and push Docker image	2025-11-21T21:48:56.1084507Z #10 extracting sha256:edd83bf9d99ce4f8375fea4ce57c5651fba68ef1239159109ccde7f9f0aea61c
build-and-push-image	Build and push Docker image	2025-11-21T21:48:56.2182237Z #10 extracting sha256:edd83bf9d99ce4f8375fea4ce57c5651fba68ef1239159109ccde7f9f0aea61c 0.0s done
build-and-push-image	Build and push Docker image	2025-11-21T21:48:56.2183755Z #10 extracting sha256:74890c3b106c2e9cf6132856e61c2377258978c5de3e8bb52af695bb1e43d119 done
build-and-push-image	Build and push Docker image	2025-11-21T21:48:56.2184467Z #10 DONE 17.0s
build-and-push-image	Build and push Docker image	2025-11-21T21:48:56.2184640Z 
build-and-push-image	Build and push Docker image	2025-11-21T21:48:56.2184759Z #13 [builder 2/7] WORKDIR /app
build-and-push-image	Build and push Docker image	2025-11-21T21:48:56.2185062Z #13 DONE 0.0s
build-and-push-image	Build and push Docker image	2025-11-21T21:48:56.2185223Z 
build-and-push-image	Build and push Docker image	2025-11-21T21:48:56.2185439Z #14 [builder 3/7] COPY package.json yarn.lock* .npmrc* ./
build-and-push-image	Build and push Docker image	2025-11-21T21:48:56.2185875Z #14 DONE 0.0s
build-and-push-image	Build and push Docker image	2025-11-21T21:48:56.3802335Z 
build-and-push-image	Build and push Docker image	2025-11-21T21:48:56.3803107Z #15 [builder 4/7] COPY packages ./packages
build-and-push-image	Build and push Docker image	2025-11-21T21:48:56.3803620Z #15 DONE 0.0s
build-and-push-image	Build and push Docker image	2025-11-21T21:48:56.3804301Z 
build-and-push-image	Build and push Docker image	2025-11-21T21:48:56.3804525Z #16 [builder 5/7] RUN yarn install --frozen-lockfile
build-and-push-image	Build and push Docker image	2025-11-21T21:48:56.5586475Z #16 0.329 yarn install v1.22.22
build-and-push-image	Build and push Docker image	2025-11-21T21:48:56.7706745Z #16 0.391 [1/4] Resolving packages...
build-and-push-image	Build and push Docker image	2025-11-21T21:48:59.6871272Z #16 3.457 warning workspace-aggregator-f11de755-3949-464a-a668-66f9180a94d2 > backend > jest > @jest/core > @jest/transform > babel-plugin-istanbul > test-exclude > glob@7.2.3: Glob versions prior to v9 are no longer supported
build-and-push-image	Build and push Docker image	2025-11-21T21:49:00.0927761Z #16 3.863 warning workspace-aggregator-f11de755-3949-464a-a668-66f9180a94d2 > backend > jest > @jest/core > @jest/transform > babel-plugin-istanbul > test-exclude > glob > inflight@1.0.6: This module is not supported, and leaks memory. Do not use it. Check out lru-cache if you want a good and tested way to coalesce async requests by a key value, which is much more comprehensive and powerful.
build-and-push-image	Build and push Docker image	2025-11-21T21:49:00.4345464Z #16 4.205 error Your lockfile needs to be updated, but yarn was run with `--frozen-lockfile`.
build-and-push-image	Build and push Docker image	2025-11-21T21:49:00.5122683Z #16 4.205 info Visit https://yarnpkg.com/en/docs/cli/install for documentation about this command.
build-and-push-image	Build and push Docker image	2025-11-21T21:49:00.5123839Z #16 ERROR: process "/bin/sh -c yarn install --frozen-lockfile" did not complete successfully: exit code: 1
build-and-push-image	Build and push Docker image	2025-11-21T21:49:00.5124580Z ------
build-and-push-image	Build and push Docker image	2025-11-21T21:49:00.5124917Z  > [builder 5/7] RUN yarn install --frozen-lockfile:
build-and-push-image	Build and push Docker image	2025-11-21T21:49:00.5125344Z 0.329 yarn install v1.22.22
build-and-push-image	Build and push Docker image	2025-11-21T21:49:00.5125669Z 0.391 [1/4] Resolving packages...
build-and-push-image	Build and push Docker image	2025-11-21T21:49:00.5128240Z 3.457 warning workspace-aggregator-f11de755-3949-464a-a668-66f9180a94d2 > backend > jest > @jest/core > @jest/transform > babel-plugin-istanbul > test-exclude > glob@7.2.3: Glob versions prior to v9 are no longer supported
build-and-push-image	Build and push Docker image	2025-11-21T21:49:00.5131028Z 3.863 warning workspace-aggregator-f11de755-3949-464a-a668-66f9180a94d2 > backend > jest > @jest/core > @jest/transform > babel-plugin-istanbul > test-exclude > glob > inflight@1.0.6: This module is not supported, and leaks memory. Do not use it. Check out lru-cache if you want a good and tested way to coalesce async requests by a key value, which is much more comprehensive and powerful.
build-and-push-image	Build and push Docker image	2025-11-21T21:49:00.5133307Z 4.205 error Your lockfile needs to be updated, but yarn was run with `--frozen-lockfile`.
build-and-push-image	Build and push Docker image	2025-11-21T21:49:00.5133893Z 4.205 info Visit https://yarnpkg.com/en/docs/cli/install for documentation about this command.
build-and-push-image	Build and push Docker image	2025-11-21T21:49:00.5134337Z ------
build-and-push-image	Build and push Docker image	2025-11-21T21:49:00.5134505Z Dockerfile:11
build-and-push-image	Build and push Docker image	2025-11-21T21:49:00.5134675Z --------------------
build-and-push-image	Build and push Docker image	2025-11-21T21:49:00.5134863Z    9 |     
build-and-push-image	Build and push Docker image	2025-11-21T21:49:00.5135063Z   10 |     # Install root dependencies and all workspaces
build-and-push-image	Build and push Docker image	2025-11-21T21:49:00.5135356Z   11 | >>> RUN yarn install --frozen-lockfile
build-and-push-image	Build and push Docker image	2025-11-21T21:49:00.5135583Z   12 |     
build-and-push-image	Build and push Docker image	2025-11-21T21:49:00.5135745Z   13 |     # Build frontend
build-and-push-image	Build and push Docker image	2025-11-21T21:49:00.5135931Z --------------------
build-and-push-image	Build and push Docker image	2025-11-21T21:49:00.5136395Z ERROR: failed to build: failed to solve: process "/bin/sh -c yarn install --frozen-lockfile" did not complete successfully: exit code: 1
build-and-push-image	Build and push Docker image	2025-11-21T21:49:00.5242440Z ##[error]buildx failed with: ERROR: failed to build: failed to solve: process "/bin/sh -c yarn install --frozen-lockfile" did not complete successfully: exit code: 1
